[input] 23 focused-acquisition OGs; 9 strains

[per-strain focused-acquisition counts]
        ecotype clade  n_ogs  genome_gene_count  per1k
strain                                                
MED4         HL   HLI     13               1976  6.579
AS9601       HL  HLII     10               1951  5.126
MIT9301      HL  HLII     16               1935  8.269
MIT9312      HL  HLII     13               1978  6.572
NATL1A       LL   LLI     13               2226  5.840
NATL2A       LL   LLI     13               2214  5.872
SS120        LL  LLII     11               1964  5.601
MIT9303      LL  LLIV     20               3114  6.423
MIT9313      LL  LLIV     16               2948  5.427

[focused subset] HL mean=13.00 LL mean=14.60 LL/HL=1.123 (n_HL=4, n_LL=5)

[LL/HL ratio: focused-P vs controls]
             category  HL_mean  LL_mean  LL_over_HL                        role
focused_P_acquisition    13.00     14.6       1.123        23-OG curated subset
     D.1.5_phosphorus    32.75     37.6       1.148 full D.1.5 role (uncurated)
        K.2_ribosomal    61.00     61.0       1.000          invariant baseline
       D.1.3_nitrogen    16.25     16.0       0.985         specificity control
    D.1.7_trace_metal    37.50     42.6       1.136         specificity control
          D.1.2_light    33.75     37.8       1.120            positive control

[repertoire categories] {'universal': 10, 'variable': 6, 'LL_only': 5, 'HL_only': 2}
  LL_only: nan(0HL/2LL), phoC(0HL/2LL), nan(0HL/2LL), ppk2(0HL/2LL), ptrA(0HL/4LL)
  HL_only: PsiP1(1HL/0LL), nan(1HL/0LL)

[per-clade focused-acquisition count]
       mean  size
clade            
HLI    13.0     1
HLII   13.0     3
LLI    13.0     2
LLII   11.0     1
LLIV   18.0     2

[stability: drop LLIV] LL becomes n=3 (NATL1A,NATL2A,SS120); HL mean=13.00 LL mean=12.33 LL/HL=0.949

[outputs] 4 CSVs + 3 figures in 5_analyze/
