[references] resolved 30 publications behind 74 pooled experiments; not_found=[]

--- References (paste into paper.md) ---
1. Andrew C Tolonen et al. (2006). Global gene expression of Prochlorococcus ecotypes in response to changes in nitrogen avai. *Molecular Systems Biology*. doi:10.1038/msb4100087 [6 exp]
2. Adam C. Martiny et al. (2006). Phosphate acquisition genes in Prochlorococcus ecotypes: Evidence for genome-wide adaptati. *PNAS*. doi:10.1073/pnas.0601301103 [2 exp]
3. Claudia Steglich et al. (2006). Genome-Wide Analysis of Light Sensing in Prochlorococcus/H17188. *Journal of Bacteriology*. doi:10.1128/JB.01097-06 [6 exp]
4. Jagroop Pandhal et al. (2007). A Quantitative Proteomic Analysis of Light Adaptation in a Globally Significant Marine Cya. *Journal of Proteome Research*. doi:10.1021/pr060460c [2 exp]
5. Debbie Lindell et al. (2007). Genome-wide expression dynamics of a marine virus and host reveal features of co-evolution. *Nature*. doi:10.1038/nature06130 [1 exp]
6. Erik R. Zinser et al. (2009). Choreography of the Transcriptome, Photophysiology, and Cell Cycle of a Minimal Photoautot. *PLOS ONE*. doi:10.1371/journal.pone.0005135 [1 exp]
7. Anne W Thompson et al. (2011). Transcriptome response of high- and low-light-adapted Prochlorococcus strains to changing . *The ISME Journal*. doi:10.1038/ismej.2011.49 [5 exp]
8. Matthew A Fuszard et al. (2012). Comparative quantitative proteomics of Prochlorococcus ecotypes to a decrease in environme. *Aquatic Biosystems*. doi:10.1186/2046-9063-8-7 [3 exp]
9. Jacob R. Waldbauer et al. (2012). Transcriptome and Proteome Dynamics of a Light-Dark Synchronized Bacterial Cell Cycle. *PLoS ONE*. doi:10.1371/journal.pone.0043432 [1 exp]
10. Bang Wang et al. (2014). The transcriptome landscape of Prochlorococcus MED4 and the factors for stabilizing the co. *BMC Microbiology*. doi:10.1186/1471-2180-14-11 [1 exp]
11. Sumaya Al-Hosani et al. (2015). Global transcriptome analysis of salt acclimated Prochlorococcus AS9601. *Microbiological Research*. doi:10.1016/j.micres.2015.04.006 [1 exp]
12. Sarah C Bagby et al. (2015). Response of Prochlorococcus to varying CO2:O2 ratios. *ISME Journal*. doi:10.1038/ismej.2015.36 [4 exp]
13. Xingqin Lin et al. (2015). Transcriptomic response during phage infection of a marine cyanobacterium under phosphorus. *Environmental Microbiology*. doi:10.1111/1462-2920.13104 [2 exp]
14. Dikla Aharonovich et al. (2016). Transcriptional response of Prochlorococcus to co-culture with a marine Alteromonas: diffe. *The ISME Journal*. doi:10.1038/ismej.2016.70 [3 exp]
15. Steven J Biller et al. (2016). Torn apart and reunited: impact of a heterotroph on the transcriptome of Prochlorococcus. *The ISME Journal*. doi:10.1038/ismej.2016.82 [1 exp]
16. Luke R. Thompson et al. (2016). Gene Expression Patterns during Light and Dark Infection of Prochlorococcus by Cyanophage. *PLOS ONE*. doi:10.1371/journal.pone.0165375 [4 exp]
17. Robert W Read et al. (2017). Nitrogen cost minimization is promoted by structural changes in the transcriptome of N-dep. *The ISME Journal*. doi:10.1038/ismej.2017.88 [1 exp]
18. Maria Agustina Domínguez-Martín et al. (2017). Quantitative Proteomics Shows Extensive Remodeling Induced by Nitrogen Limitation in Proch. *mSystems*. doi:10.1128/mSystems.00008-17 [1 exp]
19. Gwenn MM Hennon et al. (2018). The impact of elevated CO 2 on Prochlorococcus and microbial interactions with ‘helper’ ba. *The ISME Journal*. doi:10.1038/ismej.2017.189 [1 exp]
20. Steven J. Biller et al. (2018). Heterotroph interactions alter Prochlorococcus transcriptome dynamics during extended peri. *mSystems*. doi:10.1128/mSystems.00040-18 [2 exp]
21. Sasha G. Tetu et al. (2019). Plastic leachates impair growth and oxygen production in Prochlorococcus, the ocean^s most. *Communications Biology*. doi:10.1038/s42003-019-0410-x [4 exp]
22. Xiaoting Fang et al. (2019). Transcriptomic responses of the marine cyanobacterium Prochlorococcus to viral lysis produ. *Environmental Microbiology*. doi:10.1111/1462-2920.14513 [1 exp]
23. Marcelo Malisano Barreto Filho et al. (2022). Community context and pCO 2 impact the transcriptome of the “helper” bacterium Alteromonas. *ISME Communications*. doi:10.1038/s43705-022-00197-2 [1 exp]
24. Xiayu He et al. (2022). Acclimation and stress response of Prochlorococcus to low salinity.. *Frontiers in Microbiology*. doi:10.3389/fmicb.2022.1038136 [2 exp]
25. Giovanna Capovilla et al. (2023). Chitin utilization by marine picocyanobacteria and the evolution of a planktonic lifestyle. *Proceedings of the National Academy of Sciences*. doi:10.1073/pnas.2213271120 [2 exp]
26. Laura Alonso-Sáez et al. (2023). Transcriptional Mechanisms of Thermal Acclimation in Prochlorococcus. *mBio*. doi:10.1128/mbio.03425-22 [1 exp]
27. José Ángel Moreno-Cabezuelo et al. (2023). Integrated Proteomic and Metabolomic Analyses Show Differential Effects of Glucose Availab. *Microbiology Spectrum*. doi:10.1128/spectrum.03275-22 [8 exp]
28. Allison Coe et al. (2024). Emergence of metabolic coupling to the heterotroph Alteromonas promotes dark survival in P. *ISME Communications*. doi:10.1093/ismeco/ycae131 [1 exp]
29. Maya I. Anjur-Dietrich et al. (2025). Biofilm formation and dynamics in the marine cyanobacterium Prochlorococcus. *bioRxiv*. doi:10.1101/2025.08.05.668435 [1 exp]
30. Osnat Weissberg et al. (2025). Transcriptomic and Proteomic Analysis Reveals Nitrogen Recycling as a Core Mechanism for P. *bioRxiv*. doi:10.1101/2025.11.24.690089 [5 exp]
